<?xml version="1.0" encoding="UTF-8"?>
<!-- Generated by org.testng.reporters.JUnitXMLReporter -->
<testsuite hostname="Quantiphi-1070" name="Automation Test Report" tests="1" failures="1" timestamp="23 May 2021 16:28:57 GMT" time="95.199" errors="0">
  <testcase name="feature" time="94.857" classname="angel.Runner.AngelRunner">
    <failure type="java.lang.NullPointerException">
      <![CDATA[java.lang.NullPointerException
	at angel.Listeners.ExtentReportListener.testStepHandle(ExtentReportListener.java:58)
	at angel.stepdefination.AngelDriver.clickOnElement(AngelDriver.java:165)
	at ✽.Click on element "Approve_Element"(./Angel_Broking/Angel/TestCases/AngelLogin.feature:62)
]]>
    </failure>
  </testcase> <!-- feature -->
</testsuite> <!-- Automation Test Report -->
