<?xml version="1.0" encoding="UTF-8"?>
<testng-results skipped="0" failed="1" total="1" passed="0">
  <reporter-output>
  </reporter-output>
  <suite name="Automation Test Report" duration-ms="95199" started-at="2021-05-23T16:27:22Z" finished-at="2021-05-23T16:28:57Z">
    <groups>
    </groups>
    <test name="Automation Test Report" duration-ms="95199" started-at="2021-05-23T16:27:22Z" finished-at="2021-05-23T16:28:57Z">
      <class name="angel.Runner.AngelRunner">
        <test-method status="PASS" signature="setUpClass()[pri:0, instance:angel.Runner.AngelRunner@5ae9a829]" name="setUpClass" is-config="true" duration-ms="112" started-at="2021-05-23T21:57:22Z" finished-at="2021-05-23T21:57:22Z">
          <reporter-output>
          </reporter-output>
        </test-method> <!-- setUpClass -->
        <test-method status="FAIL" signature="feature(cucumber.api.testng.PickleEventWrapper, cucumber.api.testng.CucumberFeatureWrapper)[pri:0, instance:angel.Runner.AngelRunner@5ae9a829]" name="feature" duration-ms="94857" started-at="2021-05-23T21:57:22Z" data-provider="features" finished-at="2021-05-23T21:58:57Z">
          <params>
            <param index="0">
              <value>
                <![CDATA["TC001"]]>
              </value>
            </param>
            <param index="1">
              <value>
                <![CDATA["AngelBroking Login Test cases"]]>
              </value>
            </param>
          </params>
          <exception class="java.lang.NullPointerException">
            <full-stacktrace>
              <![CDATA[java.lang.NullPointerException
	at angel.Listeners.ExtentReportListener.testStepHandle(ExtentReportListener.java:58)
	at angel.stepdefination.AngelDriver.clickOnElement(AngelDriver.java:165)
	at ✽.Click on element "Approve_Element"(./Angel_Broking/Angel/TestCases/AngelLogin.feature:62)
]]>
            </full-stacktrace>
          </exception> <!-- java.lang.NullPointerException -->
          <reporter-output>
          </reporter-output>
        </test-method> <!-- feature -->
        <test-method status="PASS" signature="tearDownClass()[pri:0, instance:angel.Runner.AngelRunner@5ae9a829]" name="tearDownClass" is-config="true" duration-ms="34" started-at="2021-05-23T21:58:57Z" finished-at="2021-05-23T21:58:57Z">
          <reporter-output>
          </reporter-output>
        </test-method> <!-- tearDownClass -->
      </class> <!-- angel.Runner.AngelRunner -->
    </test> <!-- Automation Test Report -->
  </suite> <!-- Automation Test Report -->
</testng-results>
