<?xml version="1.0" encoding="UTF-8"?>
<!-- Generated by org.testng.reporters.JUnitReportReporter -->
<testsuite hostname="Quantiphi-1070" name="angel.Runner.AngelRunner" tests="1" failures="0" timestamp="23 May 2021 16:28:58 GMT" time="94.857" errors="1">
  <testcase name="feature" time="94.857" classname="angel.Runner.AngelRunner">
    <error type="java.lang.NullPointerException">
      <![CDATA[java.lang.NullPointerException
	at angel.Listeners.ExtentReportListener.testStepHandle(ExtentReportListener.java:58)
	at angel.stepdefination.AngelDriver.clickOnElement(AngelDriver.java:165)
	at ✽.Click on element "Approve_Element"(./Angel_Broking/Angel/TestCases/AngelLogin.feature:62)
]]>
    </error>
  </testcase> <!-- feature -->
</testsuite> <!-- angel.Runner.AngelRunner -->
